(casehub) C:\Users\23048\Desktop\casehub>docker compose up -d case-db
time="2026-02-16T13:20:26+08:00" level=warning msg="C:\\Users\\23048\\Desktop\\casehub\\docker-compose.yml: the attribute `version` is obsolete, it will be ignored, please remove it to avoid potential confusion"
[+] Running 1/1
 âœ” Container casehub-case-db-1  Running                                                                                                       0.0s 

(casehub) C:\Users\23048\Desktop\casehub>docker compose run --rm --no-deps case-api alembic upgrade head
time="2026-02-16T13:20:31+08:00" level=warning msg="C:\\Users\\23048\\Desktop\\casehub\\docker-compose.yml: the attribute `version` is obsolete, it will be ignored, please remove it to avoid potential confusion"
INFO  [alembic.runtime.migration] Context impl MySQLImpl.
INFO  [alembic.runtime.migration] Will assume non-transactional DDL.
INFO  [alembic.runtime.migration] Running upgrade 0003_add_document_constraints -> 0004_add_ragflow_conversation_fields, add ragflow chat/session ids to conversations
Traceback (most recent call last):
  File "/usr/local/lib/python3.11/site-packages/sqlalchemy/engine/base.py", line 1967, in _exec_single_context
    self.dialect.do_execute(
  File "/usr/local/lib/python3.11/site-packages/sqlalchemy/engine/default.py", line 952, in do_execute
    cursor.execute(statement, parameters)
  File "/usr/local/lib/python3.11/site-packages/sqlalchemy/connectors/asyncio.py", line 230, in execute
    self._adapt_connection._handle_exception(error)
  File "/usr/local/lib/python3.11/site-packages/sqlalchemy/dialects/mysql/asyncmy.py", line 91, in _handle_exception
    raise error
  File "/usr/local/lib/python3.11/site-packages/sqlalchemy/connectors/asyncio.py", line 228, in execute
    return self.await_(self._execute_async(operation, parameters))
           ^^^^^^^^^^^^^^^^^^^^^^^^^^^^^^^^^^^^^^^^^^^^^^^^^^^^^^^
  File "/usr/local/lib/python3.11/site-packages/sqlalchemy/util/_concurrency_py3k.py", line 132, in await_only
    return current.parent.switch(awaitable)  # type: ignore[no-any-return,attr-defined] # noqa: E501
           ^^^^^^^^^^^^^^^^^^^^^^^^^^^^^^^^
  File "/usr/local/lib/python3.11/site-packages/sqlalchemy/util/_concurrency_py3k.py", line 196, in greenlet_spawn
    value = await result
            ^^^^^^^^^^^^
  File "/usr/local/lib/python3.11/site-packages/sqlalchemy/connectors/asyncio.py", line 251, in _execute_async
    result = await self._cursor.execute(operation, parameters)
             ^^^^^^^^^^^^^^^^^^^^^^^^^^^^^^^^^^^^^^^^^^^^^^^^^
  File "asyncmy/cursors.pyx", line 179, in execute
  File "asyncmy/cursors.pyx", line 364, in _query
  File "asyncmy/connection.pyx", line 500, in query
  File "asyncmy/connection.pyx", line 688, in _read_query_result
  File "asyncmy/connection.pyx", line 1075, in read
  File "asyncmy/connection.pyx", line 650, in read_packet
  File "asyncmy/protocol.pyx", line 190, in asyncmy.protocol.MysqlPacket.raise_for_error
  File "asyncmy/protocol.pyx", line 194, in asyncmy.protocol.MysqlPacket.raise_for_error
  File "asyncmy/errors.pyx", line 128, in asyncmy.errors.raise_mysql_exception
  File "asyncmy/errors.pyx", line 137, in asyncmy.errors.raise_mysql_exception
asyncmy.errors.DataError: (1406, "Data too long for column 'version_num' at row 1")

The above exception was the direct cause of the following exception:

Traceback (most recent call last):
  File "/usr/local/bin/alembic", line 8, in <module>
    sys.exit(main())
             ^^^^^^
  File "/usr/local/lib/python3.11/site-packages/alembic/config.py", line 1047, in main
    CommandLine(prog=prog).main(argv=argv)
  File "/usr/local/lib/python3.11/site-packages/alembic/config.py", line 1037, in main
    self.run_cmd(cfg, options)
  File "/usr/local/lib/python3.11/site-packages/alembic/config.py", line 971, in run_cmd
    fn(
  File "/usr/local/lib/python3.11/site-packages/alembic/command.py", line 483, in upgrade
    script.run_env()
  File "/usr/local/lib/python3.11/site-packages/alembic/script/base.py", line 545, in run_env
    util.load_python_file(self.dir, "env.py")
  File "/usr/local/lib/python3.11/site-packages/alembic/util/pyfiles.py", line 116, in load_python_file
    module = load_module_py(module_id, path)
             ^^^^^^^^^^^^^^^^^^^^^^^^^^^^^^^
  File "/usr/local/lib/python3.11/site-packages/alembic/util/pyfiles.py", line 136, in load_module_py
    spec.loader.exec_module(module)  # type: ignore
    ^^^^^^^^^^^^^^^^^^^^^^^^^^^^^^^
  File "<frozen importlib._bootstrap_external>", line 940, in exec_module
  File "<frozen importlib._bootstrap>", line 241, in _call_with_frames_removed
  File "/app/alembic/env.py", line 87, in <module>
    asyncio.run(run_migrations_online())
  File "/usr/local/lib/python3.11/asyncio/runners.py", line 190, in run
    return runner.run(main)
           ^^^^^^^^^^^^^^^^
  File "/usr/local/lib/python3.11/asyncio/runners.py", line 118, in run
    return self._loop.run_until_complete(task)
           ^^^^^^^^^^^^^^^^^^^^^^^^^^^^^^^^^^^
  File "/usr/local/lib/python3.11/asyncio/base_events.py", line 654, in run_until_complete
    return future.result()
           ^^^^^^^^^^^^^^^
  File "/app/alembic/env.py", line 79, in run_migrations_online
    await connection.run_sync(do_run_migrations)
  File "/usr/local/lib/python3.11/site-packages/sqlalchemy/ext/asyncio/engine.py", line 888, in run_sync
    return await greenlet_spawn(
           ^^^^^^^^^^^^^^^^^^^^^
  File "/usr/local/lib/python3.11/site-packages/sqlalchemy/util/_concurrency_py3k.py", line 203, in greenlet_spawn
    result = context.switch(value)
             ^^^^^^^^^^^^^^^^^^^^^
  File "/app/alembic/env.py", line 67, in do_run_migrations
    context.run_migrations()
  File "<string>", line 8, in run_migrations
  File "/usr/local/lib/python3.11/site-packages/alembic/runtime/environment.py", line 969, in run_migrations
    self.get_context().run_migrations(**kw)
  File "/usr/local/lib/python3.11/site-packages/alembic/runtime/migration.py", line 633, in run_migrations
    head_maintainer.update_to_step(step)
  File "/usr/local/lib/python3.11/site-packages/alembic/runtime/migration.py", line 817, in update_to_step
    self._update_version(from_, to_)
  File "/usr/local/lib/python3.11/site-packages/alembic/runtime/migration.py", line 752, in _update_version
    ret = self.context.impl._exec(
          ^^^^^^^^^^^^^^^^^^^^^^^^
  File "/usr/local/lib/python3.11/site-packages/alembic/ddl/impl.py", line 256, in _exec
    return conn.execute(construct, params)
           ^^^^^^^^^^^^^^^^^^^^^^^^^^^^^^^
  File "/usr/local/lib/python3.11/site-packages/sqlalchemy/engine/base.py", line 1419, in execute
    return meth(
           ^^^^^
  File "/usr/local/lib/python3.11/site-packages/sqlalchemy/sql/elements.py", line 527, in _execute_on_connection
    return connection._execute_clauseelement(
           ^^^^^^^^^^^^^^^^^^^^^^^^^^^^^^^^^^
  File "/usr/local/lib/python3.11/site-packages/sqlalchemy/engine/base.py", line 1641, in _execute_clauseelement
    ret = self._execute_context(
          ^^^^^^^^^^^^^^^^^^^^^^
  File "/usr/local/lib/python3.11/site-packages/sqlalchemy/engine/base.py", line 1846, in _execute_context
    return self._exec_single_context(
           ^^^^^^^^^^^^^^^^^^^^^^^^^^
  File "/usr/local/lib/python3.11/site-packages/sqlalchemy/engine/base.py", line 1986, in _exec_single_context
    self._handle_dbapi_exception(
  File "/usr/local/lib/python3.11/site-packages/sqlalchemy/engine/base.py", line 2363, in _handle_dbapi_exception
    raise sqlalchemy_exception.with_traceback(exc_info[2]) from e
  File "/usr/local/lib/python3.11/site-packages/sqlalchemy/engine/base.py", line 1967, in _exec_single_context
    self.dialect.do_execute(
  File "/usr/local/lib/python3.11/site-packages/sqlalchemy/engine/default.py", line 952, in do_execute
    cursor.execute(statement, parameters)
  File "/usr/local/lib/python3.11/site-packages/sqlalchemy/connectors/asyncio.py", line 230, in execute
    self._adapt_connection._handle_exception(error)
  File "/usr/local/lib/python3.11/site-packages/sqlalchemy/dialects/mysql/asyncmy.py", line 91, in _handle_exception
    raise error
  File "/usr/local/lib/python3.11/site-packages/sqlalchemy/connectors/asyncio.py", line 228, in execute
    return self.await_(self._execute_async(operation, parameters))
           ^^^^^^^^^^^^^^^^^^^^^^^^^^^^^^^^^^^^^^^^^^^^^^^^^^^^^^^
  File "/usr/local/lib/python3.11/site-packages/sqlalchemy/util/_concurrency_py3k.py", line 132, in await_only
    return current.parent.switch(awaitable)  # type: ignore[no-any-return,attr-defined] # noqa: E501
           ^^^^^^^^^^^^^^^^^^^^^^^^^^^^^^^^
  File "/usr/local/lib/python3.11/site-packages/sqlalchemy/util/_concurrency_py3k.py", line 196, in greenlet_spawn
    value = await result
            ^^^^^^^^^^^^
  File "/usr/local/lib/python3.11/site-packages/sqlalchemy/connectors/asyncio.py", line 251, in _execute_async
    result = await self._cursor.execute(operation, parameters)
             ^^^^^^^^^^^^^^^^^^^^^^^^^^^^^^^^^^^^^^^^^^^^^^^^^
  File "asyncmy/cursors.pyx", line 179, in execute
  File "asyncmy/cursors.pyx", line 364, in _query
  File "asyncmy/connection.pyx", line 500, in query
  File "asyncmy/connection.pyx", line 688, in _read_query_result
  File "asyncmy/connection.pyx", line 1075, in read
  File "asyncmy/connection.pyx", line 650, in read_packet
  File "asyncmy/protocol.pyx", line 190, in asyncmy.protocol.MysqlPacket.raise_for_error
  File "asyncmy/protocol.pyx", line 194, in asyncmy.protocol.MysqlPacket.raise_for_error
  File "asyncmy/errors.pyx", line 128, in asyncmy.errors.raise_mysql_exception
  File "asyncmy/errors.pyx", line 137, in asyncmy.errors.raise_mysql_exception
sqlalchemy.exc.DataError: (asyncmy.errors.DataError) (1406, "Data too long for column 'version_num' at row 1")
[SQL: UPDATE alembic_version SET version_num='0004_add_ragflow_conversation_fields' WHERE alembic_version.version_num = '0003_add_document_constraints']
(Background on this error at: https://sqlalche.me/e/20/9h9h)